<?xml version="1.0" encoding="UTF-8"?>
<testng-results ignored="6" total="7" passed="0" failed="1" skipped="0">
  <reporter-output>
  </reporter-output>
  <suite started-at="2022-02-07T02:18:17 CET" name="Default Suite" finished-at="2022-02-07T02:18:29 CET" duration-ms="11324">
    <groups>
    </groups>
    <test started-at="2022-02-07T02:18:17 CET" name="Project2" finished-at="2022-02-07T02:18:29 CET" duration-ms="11324">
      <class name="elementsTests.TestTextBox">
        <test-method is-config="true" signature="setUp()[pri:0, instance:elementsTests.TestTextBox@4b44655e]" started-at="2022-02-07T02:18:17 CET" name="setUp" finished-at="2022-02-07T02:18:22 CET" duration-ms="4409" status="PASS">
          <reporter-output>
          </reporter-output>
        </test-method> <!-- setUp -->
        <test-method is-config="true" signature="setUpPage()[pri:0, instance:elementsTests.TestTextBox@4b44655e]" started-at="2022-02-07T02:18:22 CET" name="setUpPage" finished-at="2022-02-07T02:18:27 CET" duration-ms="5086" status="PASS">
          <reporter-output>
          </reporter-output>
        </test-method> <!-- setUpPage -->
        <test-method signature="textBoxInvalidEmailAddressBorderColor()[pri:0, instance:elementsTests.TestTextBox@4b44655e]" started-at="2022-02-07T02:18:27 CET" name="textBoxInvalidEmailAddressBorderColor" finished-at="2022-02-07T02:18:28 CET" duration-ms="1050" status="FAIL">
          <exception class="java.lang.AssertionError">
            <message>
              <![CDATA[Color of field border is not correct expected [true] but found [false]]]>
            </message>
            <full-stacktrace>
              <![CDATA[java.lang.AssertionError: Color of field border is not correct expected [true] but found [false]
at org.testng.Assert.fail(Assert.java:110)
at org.testng.Assert.failNotEquals(Assert.java:1413)
at org.testng.Assert.assertTrue(Assert.java:56)
at elementsTests.TestTextBox.textBoxInvalidEmailAddressBorderColor(TestTextBox.java:118)
at java.base/jdk.internal.reflect.NativeMethodAccessorImpl.invoke0(Native Method)
at java.base/jdk.internal.reflect.NativeMethodAccessorImpl.invoke(NativeMethodAccessorImpl.java:78)
at java.base/jdk.internal.reflect.DelegatingMethodAccessorImpl.invoke(DelegatingMethodAccessorImpl.java:43)
at java.base/java.lang.reflect.Method.invoke(Method.java:567)
at org.testng.internal.invokers.MethodInvocationHelper.invokeMethod(MethodInvocationHelper.java:135)
at org.testng.internal.invokers.TestInvoker.invokeMethod(TestInvoker.java:673)
at org.testng.internal.invokers.TestInvoker.invokeTestMethod(TestInvoker.java:220)
at org.testng.internal.invokers.MethodRunner.runInSequence(MethodRunner.java:50)
at org.testng.internal.invokers.TestInvoker$MethodInvocationAgent.invoke(TestInvoker.java:945)
at org.testng.internal.invokers.TestInvoker.invokeTestMethods(TestInvoker.java:193)
at org.testng.internal.invokers.TestMethodWorker.invokeTestMethods(TestMethodWorker.java:146)
at org.testng.internal.invokers.TestMethodWorker.run(TestMethodWorker.java:128)
at java.base/java.util.ArrayList.forEach(ArrayList.java:1511)
at org.testng.TestRunner.privateRun(TestRunner.java:808)
at org.testng.TestRunner.run(TestRunner.java:603)
at org.testng.SuiteRunner.runTest(SuiteRunner.java:429)
at org.testng.SuiteRunner.runSequentially(SuiteRunner.java:423)
at org.testng.SuiteRunner.privateRun(SuiteRunner.java:383)
at org.testng.SuiteRunner.run(SuiteRunner.java:326)
at org.testng.SuiteRunnerWorker.runSuite(SuiteRunnerWorker.java:52)
at org.testng.SuiteRunnerWorker.run(SuiteRunnerWorker.java:95)
at org.testng.TestNG.runSuitesSequentially(TestNG.java:1249)
at org.testng.TestNG.runSuitesLocally(TestNG.java:1169)
at org.testng.TestNG.runSuites(TestNG.java:1092)
at org.testng.TestNG.run(TestNG.java:1060)
at com.intellij.rt.testng.IDEARemoteTestNG.run(IDEARemoteTestNG.java:66)
at com.intellij.rt.testng.RemoteTestNGStarter.main(RemoteTestNGStarter.java:109)
]]>
            </full-stacktrace>
          </exception> <!-- java.lang.AssertionError -->
          <reporter-output>
          </reporter-output>
        </test-method> <!-- textBoxInvalidEmailAddressBorderColor -->
        <test-method is-config="true" signature="tearDown()[pri:0, instance:elementsTests.TestTextBox@4b44655e]" started-at="2022-02-07T02:18:28 CET" name="tearDown" finished-at="2022-02-07T02:18:29 CET" duration-ms="701" status="PASS">
          <reporter-output>
          </reporter-output>
        </test-method> <!-- tearDown -->
      </class> <!-- elementsTests.TestTextBox -->
    </test> <!-- Project2 -->
  </suite> <!-- Default Suite -->
</testng-results>
